<?xml version="1.0" encoding="UTF-8"?>
<robot generator="Robot 4.1.3 (Python 3.9.10 on win32)" generated="20220310 20:59:56.788" rpa="false" schemaversion="2">
<suite id="s1" name="Swaglab" source="D:\Dojobox\swaglab\swaglab.robot">
<kw name="Open Browser" library="SeleniumLibrary" type="SETUP">
<arg>${urlWeb}</arg>
<arg>${BROWSERS}</arg>
<doc>Opens a new browser instance to the optional ``url``.</doc>
<msg timestamp="20220310 20:59:57.019" level="INFO">Opening browser 'gc' to base url 'https://www.saucedemo.com/'.</msg>
<status status="PASS" starttime="20220310 20:59:57.019" endtime="20220310 20:59:58.864"/>
</kw>
<test id="s1-t1" name="Test Positive Case Login for One User">
<kw name="Test Negative Case Login">
<arg>userA</arg>
<arg>passwordA</arg>
<kw name="Input Text" library="SeleniumLibrary">
<arg>//input[@id="user-name"]</arg>
<arg>${username}</arg>
<doc>Types the given ``text`` into the text field identified by ``locator``.</doc>
<msg timestamp="20220310 20:59:58.866" level="INFO">Typing text 'userA' into text field '//input[@id="user-name"]'.</msg>
<status status="PASS" starttime="20220310 20:59:58.866" endtime="20220310 20:59:58.982"/>
</kw>
<kw name="Input Text" library="SeleniumLibrary">
<arg>//input[@id="password"]</arg>
<arg>${password}</arg>
<doc>Types the given ``text`` into the text field identified by ``locator``.</doc>
<msg timestamp="20220310 20:59:58.983" level="INFO">Typing text 'passwordA' into text field '//input[@id="password"]'.</msg>
<status status="PASS" starttime="20220310 20:59:58.982" endtime="20220310 20:59:59.058"/>
</kw>
<kw name="Click Element" library="SeleniumLibrary">
<arg>//input[@id="login-button"]</arg>
<doc>Click the element identified by ``locator``.</doc>
<msg timestamp="20220310 20:59:59.059" level="INFO">Clicking element '//input[@id="login-button"]'.</msg>
<status status="PASS" starttime="20220310 20:59:59.059" endtime="20220310 20:59:59.121"/>
</kw>
<kw name="Page Should Contain" library="SeleniumLibrary">
<arg>Username and password do not match</arg>
<doc>Verifies that current page contains ``text``.</doc>
<msg timestamp="20220310 20:59:59.132" level="INFO">Current page contains text 'Username and password do not match'.</msg>
<status status="PASS" starttime="20220310 20:59:59.121" endtime="20220310 20:59:59.132"/>
</kw>
<status status="PASS" starttime="20220310 20:59:58.865" endtime="20220310 20:59:59.133"/>
</kw>
<status status="PASS" starttime="20220310 20:59:58.864" endtime="20220310 20:59:59.133"/>
</test>
<test id="s1-t2" name="Test Positive Case Login for One User">
<kw name="Test Negative Case Login">
<arg>userB</arg>
<arg>passwordB</arg>
<kw name="Input Text" library="SeleniumLibrary">
<arg>//input[@id="user-name"]</arg>
<arg>${username}</arg>
<doc>Types the given ``text`` into the text field identified by ``locator``.</doc>
<msg timestamp="20220310 20:59:59.136" level="INFO">Typing text 'userB' into text field '//input[@id="user-name"]'.</msg>
<status status="PASS" starttime="20220310 20:59:59.135" endtime="20220310 20:59:59.227"/>
</kw>
<kw name="Input Text" library="SeleniumLibrary">
<arg>//input[@id="password"]</arg>
<arg>${password}</arg>
<doc>Types the given ``text`` into the text field identified by ``locator``.</doc>
<msg timestamp="20220310 20:59:59.227" level="INFO">Typing text 'passwordB' into text field '//input[@id="password"]'.</msg>
<status status="PASS" starttime="20220310 20:59:59.227" endtime="20220310 20:59:59.291"/>
</kw>
<kw name="Click Element" library="SeleniumLibrary">
<arg>//input[@id="login-button"]</arg>
<doc>Click the element identified by ``locator``.</doc>
<msg timestamp="20220310 20:59:59.291" level="INFO">Clicking element '//input[@id="login-button"]'.</msg>
<status status="PASS" starttime="20220310 20:59:59.291" endtime="20220310 20:59:59.316"/>
</kw>
<kw name="Page Should Contain" library="SeleniumLibrary">
<arg>Username and password do not match</arg>
<doc>Verifies that current page contains ``text``.</doc>
<msg timestamp="20220310 20:59:59.331" level="INFO">Current page contains text 'Username and password do not match'.</msg>
<status status="PASS" starttime="20220310 20:59:59.317" endtime="20220310 20:59:59.331"/>
</kw>
<status status="PASS" starttime="20220310 20:59:59.135" endtime="20220310 20:59:59.331"/>
</kw>
<status status="PASS" starttime="20220310 20:59:59.135" endtime="20220310 20:59:59.331"/>
</test>
<test id="s1-t3" name="Test Positive Case Login for One User">
<kw name="Test Negative Case Login">
<arg>userC</arg>
<arg>passwordC</arg>
<kw name="Input Text" library="SeleniumLibrary">
<arg>//input[@id="user-name"]</arg>
<arg>${username}</arg>
<doc>Types the given ``text`` into the text field identified by ``locator``.</doc>
<msg timestamp="20220310 20:59:59.334" level="INFO">Typing text 'userC' into text field '//input[@id="user-name"]'.</msg>
<status status="PASS" starttime="20220310 20:59:59.334" endtime="20220310 20:59:59.408"/>
</kw>
<kw name="Input Text" library="SeleniumLibrary">
<arg>//input[@id="password"]</arg>
<arg>${password}</arg>
<doc>Types the given ``text`` into the text field identified by ``locator``.</doc>
<msg timestamp="20220310 20:59:59.411" level="INFO">Typing text 'passwordC' into text field '//input[@id="password"]'.</msg>
<status status="PASS" starttime="20220310 20:59:59.409" endtime="20220310 20:59:59.487"/>
</kw>
<kw name="Click Element" library="SeleniumLibrary">
<arg>//input[@id="login-button"]</arg>
<doc>Click the element identified by ``locator``.</doc>
<msg timestamp="20220310 20:59:59.489" level="INFO">Clicking element '//input[@id="login-button"]'.</msg>
<status status="PASS" starttime="20220310 20:59:59.488" endtime="20220310 20:59:59.521"/>
</kw>
<kw name="Page Should Contain" library="SeleniumLibrary">
<arg>Username and password do not match</arg>
<doc>Verifies that current page contains ``text``.</doc>
<msg timestamp="20220310 20:59:59.530" level="INFO">Current page contains text 'Username and password do not match'.</msg>
<status status="PASS" starttime="20220310 20:59:59.522" endtime="20220310 20:59:59.530"/>
</kw>
<status status="PASS" starttime="20220310 20:59:59.333" endtime="20220310 20:59:59.530"/>
</kw>
<status status="PASS" starttime="20220310 20:59:59.333" endtime="20220310 20:59:59.530"/>
</test>
<kw name="Close Browser" library="SeleniumLibrary" type="TEARDOWN">
<doc>Closes the current browser.</doc>
<status status="PASS" starttime="20220310 20:59:59.531" endtime="20220310 21:00:01.730"/>
</kw>
<status status="PASS" starttime="20220310 20:59:56.789" endtime="20220310 21:00:01.730"/>
</suite>
<statistics>
<total>
<stat pass="3" fail="0" skip="0">All Tests</stat>
</total>
<tag>
</tag>
<suite>
<stat pass="3" fail="0" skip="0" id="s1" name="Swaglab">Swaglab</stat>
</suite>
</statistics>
<errors>
<msg timestamp="20220310 20:59:59.134" level="WARN">Multiple test cases with name 'Test Positive Case Login for One User' executed in test suite 'Swaglab'.</msg>
<msg timestamp="20220310 20:59:59.332" level="WARN">Multiple test cases with name 'Test Positive Case Login for One User' executed in test suite 'Swaglab'.</msg>
</errors>
</robot>
